<?xml version="1.0" encoding="UTF-8"?>
<!-- Generated by org.testng.reporters.JUnitXMLReporter -->
<testsuite hostname="8a8e6592edc9" name="Surefire test" tests="4" failures="0" timestamp="6 Nov 2018 05:13:36 GMT" time="0.093" errors="0">
  <testcase name="writeObjectTest" time="0.006" classname="io.swagger.generator.GeneratorInputTest"/>
  <testcase name="getOptionsTest" time="0.073" classname="io.swagger.generator.online.OnlineJavaClientOptionsTest"/>
  <testcase name="generateOptionsTest" time="0.0" classname="io.swagger.generator.online.OnlineGeneratorOptionsTest">
    <skipped/>
  </testcase> <!-- generateOptionsTest -->
  <testcase name="getOptionsTest" time="0.0" classname="io.swagger.generator.online.OnlineGeneratorOptionsTest">
    <skipped/>
  </testcase> <!-- getOptionsTest -->
</testsuite> <!-- Surefire test -->
